\\NDRIVE\PM002501\MY DOCUMENTS\_GIT_DRIVE\VISUAL STUDIO\COMPILERS\COMPILERS\COMPILERS\DEBUG\PARSER.OBJ
\\NDRIVE\PM002501\MY DOCUMENTS\_GIT_DRIVE\VISUAL STUDIO\COMPILERS\COMPILERS\COMPILERS\DEBUG\MAIN.OBJ
\\NDRIVE\PM002501\MY DOCUMENTS\_GIT_DRIVE\VISUAL STUDIO\COMPILERS\COMPILERS\COMPILERS\DEBUG\TREE.OBJ
\\NDRIVE\PM002501\MY DOCUMENTS\_GIT_DRIVE\VISUAL STUDIO\COMPILERS\COMPILERS\COMPILERS\DEBUG\YYLEX_OUT.OBJ
\\NDRIVE\PM002501\MY DOCUMENTS\_GIT_DRIVE\VISUAL STUDIO\COMPILERS\COMPILERS\COMPILERS\DEBUG\YYLEX.OBJ
\\NDRIVE\PM002501\MY DOCUMENTS\_GIT_DRIVE\VISUAL STUDIO\COMPILERS\COMPILERS\COMPILERS\DEBUG\YYLEX_SYMBOLTABLE.OBJ
\\NDRIVE\PM002501\MY DOCUMENTS\_GIT_DRIVE\VISUAL STUDIO\COMPILERS\COMPILERS\COMPILERS\DEBUG\VC110.PDB
\\NDRIVE\PM002501\MY DOCUMENTS\_GIT_DRIVE\VISUAL STUDIO\COMPILERS\COMPILERS\COMPILERS\DEBUG\CODEGENERATION.OBJ
\\NDRIVE\PM002501\MY DOCUMENTS\_GIT_DRIVE\VISUAL STUDIO\COMPILERS\COMPILERS\DEBUG\COMPILERS.ILK
\\NDRIVE\PM002501\MY DOCUMENTS\_GIT_DRIVE\VISUAL STUDIO\COMPILERS\COMPILERS\DEBUG\COMPILERS.EXE
\\NDRIVE\PM002501\MY DOCUMENTS\_GIT_DRIVE\VISUAL STUDIO\COMPILERS\COMPILERS\DEBUG\COMPILERS.PDB
\\ndrive\pm002501\My Documents\_GIT_Drive\Visual Studio\Compilers\Compilers\Compilers\Debug\main.obj
\\ndrive\pm002501\My Documents\_GIT_Drive\Visual Studio\Compilers\Compilers\Compilers\Debug\codeGeneration.obj
\\ndrive\pm002501\My Documents\_GIT_Drive\Visual Studio\Compilers\Compilers\Compilers\Debug\tree.obj
\\ndrive\pm002501\My Documents\_GIT_Drive\Visual Studio\Compilers\Compilers\Compilers\Debug\yylex.obj
\\ndrive\pm002501\My Documents\_GIT_Drive\Visual Studio\Compilers\Compilers\Compilers\Debug\yylex_out.obj
\\ndrive\pm002501\My Documents\_GIT_Drive\Visual Studio\Compilers\Compilers\Compilers\Debug\parser.obj
\\ndrive\pm002501\My Documents\_GIT_Drive\Visual Studio\Compilers\Compilers\Compilers\Debug\yylex_symbolTable.obj
\\ndrive\pm002501\My Documents\_GIT_Drive\Visual Studio\Compilers\Compilers\Compilers\Debug\CL.read.1.tlog
\\ndrive\pm002501\My Documents\_GIT_Drive\Visual Studio\Compilers\Compilers\Compilers\Debug\CL.write.1.tlog
\\ndrive\pm002501\My Documents\_GIT_Drive\Visual Studio\Compilers\Compilers\Compilers\Debug\cl.command.1.tlog
\\ndrive\pm002501\My Documents\_GIT_Drive\Visual Studio\Compilers\Compilers\Compilers\Debug\link-rc.read.1.tlog
\\ndrive\pm002501\My Documents\_GIT_Drive\Visual Studio\Compilers\Compilers\Compilers\Debug\link-rc.write.1.tlog
\\ndrive\pm002501\My Documents\_GIT_Drive\Visual Studio\Compilers\Compilers\Compilers\Debug\link-cvtres.read.1.tlog
\\ndrive\pm002501\My Documents\_GIT_Drive\Visual Studio\Compilers\Compilers\Compilers\Debug\link-cvtres.write.1.tlog
\\ndrive\pm002501\My Documents\_GIT_Drive\Visual Studio\Compilers\Compilers\Compilers\Debug\link.read.1.tlog
\\ndrive\pm002501\My Documents\_GIT_Drive\Visual Studio\Compilers\Compilers\Compilers\Debug\link.write.1.tlog
\\ndrive\pm002501\My Documents\_GIT_Drive\Visual Studio\Compilers\Compilers\Compilers\Debug\link.command.1.tlog
\\ndrive\pm002501\My Documents\_GIT_Drive\Visual Studio\Compilers\Compilers\Compilers\Debug\link.4212-rc.read.1.tlog
\\ndrive\pm002501\My Documents\_GIT_Drive\Visual Studio\Compilers\Compilers\Compilers\Debug\link.4212-rc.write.1.tlog
\\ndrive\pm002501\My Documents\_GIT_Drive\Visual Studio\Compilers\Compilers\Compilers\Debug\link.4212-cvtres.read.1.tlog
\\ndrive\pm002501\My Documents\_GIT_Drive\Visual Studio\Compilers\Compilers\Compilers\Debug\link.4212-cvtres.write.1.tlog
\\ndrive\pm002501\My Documents\_GIT_Drive\Visual Studio\Compilers\Compilers\Compilers\Debug\link.4212.read.1.tlog
\\ndrive\pm002501\My Documents\_GIT_Drive\Visual Studio\Compilers\Compilers\Compilers\Debug\link.4212.write.1.tlog
\\ndrive\pm002501\My Documents\_GIT_Drive\Visual Studio\Compilers\Compilers\Compilers\Debug\link.3860-rc.read.1.tlog
\\ndrive\pm002501\My Documents\_GIT_Drive\Visual Studio\Compilers\Compilers\Compilers\Debug\link.3860-rc.write.1.tlog
\\ndrive\pm002501\My Documents\_GIT_Drive\Visual Studio\Compilers\Compilers\Compilers\Debug\link.3860-cvtres.read.1.tlog
\\ndrive\pm002501\My Documents\_GIT_Drive\Visual Studio\Compilers\Compilers\Compilers\Debug\link.3860-cvtres.write.1.tlog
\\ndrive\pm002501\My Documents\_GIT_Drive\Visual Studio\Compilers\Compilers\Compilers\Debug\link.3860.read.1.tlog
\\ndrive\pm002501\My Documents\_GIT_Drive\Visual Studio\Compilers\Compilers\Compilers\Debug\link.3860.write.1.tlog
\\ndrive\pm002501\My Documents\_GIT_Drive\Visual Studio\Compilers\Compilers\Compilers\Debug\link.48-rc.read.1.tlog
\\ndrive\pm002501\My Documents\_GIT_Drive\Visual Studio\Compilers\Compilers\Compilers\Debug\link.48-rc.write.1.tlog
\\ndrive\pm002501\My Documents\_GIT_Drive\Visual Studio\Compilers\Compilers\Compilers\Debug\link.48-cvtres.read.1.tlog
\\ndrive\pm002501\My Documents\_GIT_Drive\Visual Studio\Compilers\Compilers\Compilers\Debug\link.48-cvtres.write.1.tlog
\\ndrive\pm002501\My Documents\_GIT_Drive\Visual Studio\Compilers\Compilers\Compilers\Debug\link.48.read.1.tlog
\\ndrive\pm002501\My Documents\_GIT_Drive\Visual Studio\Compilers\Compilers\Compilers\Debug\link.48.write.1.tlog
\\ndrive\pm002501\My Documents\_GIT_Drive\Visual Studio\Compilers\Compilers\Compilers\Debug\link.4424-rc.read.1.tlog
\\ndrive\pm002501\My Documents\_GIT_Drive\Visual Studio\Compilers\Compilers\Compilers\Debug\link.4424-rc.write.1.tlog
\\ndrive\pm002501\My Documents\_GIT_Drive\Visual Studio\Compilers\Compilers\Compilers\Debug\link.4424-cvtres.read.1.tlog
\\ndrive\pm002501\My Documents\_GIT_Drive\Visual Studio\Compilers\Compilers\Compilers\Debug\link.4424-cvtres.write.1.tlog
\\ndrive\pm002501\My Documents\_GIT_Drive\Visual Studio\Compilers\Compilers\Compilers\Debug\link.4424.read.1.tlog
\\ndrive\pm002501\My Documents\_GIT_Drive\Visual Studio\Compilers\Compilers\Compilers\Debug\link.4424.write.1.tlog
\\ndrive\pm002501\My Documents\_GIT_Drive\Visual Studio\Compilers\Compilers\Compilers\Debug\link.3920-rc.read.1.tlog
\\ndrive\pm002501\My Documents\_GIT_Drive\Visual Studio\Compilers\Compilers\Compilers\Debug\link.3920-rc.write.1.tlog
\\ndrive\pm002501\My Documents\_GIT_Drive\Visual Studio\Compilers\Compilers\Compilers\Debug\link.3920-cvtres.read.1.tlog
\\ndrive\pm002501\My Documents\_GIT_Drive\Visual Studio\Compilers\Compilers\Compilers\Debug\link.3920-cvtres.write.1.tlog
\\ndrive\pm002501\My Documents\_GIT_Drive\Visual Studio\Compilers\Compilers\Compilers\Debug\link.3920.read.1.tlog
\\ndrive\pm002501\My Documents\_GIT_Drive\Visual Studio\Compilers\Compilers\Compilers\Debug\link.3920.write.1.tlog
\\ndrive\pm002501\My Documents\_GIT_Drive\Visual Studio\Compilers\Compilers\Compilers\Debug\link.5312-rc.read.1.tlog
\\ndrive\pm002501\My Documents\_GIT_Drive\Visual Studio\Compilers\Compilers\Compilers\Debug\link.5312-rc.write.1.tlog
\\ndrive\pm002501\My Documents\_GIT_Drive\Visual Studio\Compilers\Compilers\Compilers\Debug\link.5312-cvtres.read.1.tlog
\\ndrive\pm002501\My Documents\_GIT_Drive\Visual Studio\Compilers\Compilers\Compilers\Debug\link.5312-cvtres.write.1.tlog
\\ndrive\pm002501\My Documents\_GIT_Drive\Visual Studio\Compilers\Compilers\Compilers\Debug\link.5312.read.1.tlog
\\ndrive\pm002501\My Documents\_GIT_Drive\Visual Studio\Compilers\Compilers\Compilers\Debug\link.5312.write.1.tlog
\\ndrive\pm002501\My Documents\_GIT_Drive\Visual Studio\Compilers\Compilers\Compilers\Debug\link.1028-rc.read.1.tlog
\\ndrive\pm002501\My Documents\_GIT_Drive\Visual Studio\Compilers\Compilers\Compilers\Debug\link.1028-rc.write.1.tlog
\\ndrive\pm002501\My Documents\_GIT_Drive\Visual Studio\Compilers\Compilers\Compilers\Debug\link.1028-cvtres.read.1.tlog
\\ndrive\pm002501\My Documents\_GIT_Drive\Visual Studio\Compilers\Compilers\Compilers\Debug\link.1028-cvtres.write.1.tlog
\\ndrive\pm002501\My Documents\_GIT_Drive\Visual Studio\Compilers\Compilers\Compilers\Debug\link.1028.read.1.tlog
\\ndrive\pm002501\My Documents\_GIT_Drive\Visual Studio\Compilers\Compilers\Compilers\Debug\link.1028.write.1.tlog
\\ndrive\pm002501\My Documents\_GIT_Drive\Visual Studio\Compilers\Compilers\Compilers\Debug\link.1664-rc.read.1.tlog
\\ndrive\pm002501\My Documents\_GIT_Drive\Visual Studio\Compilers\Compilers\Compilers\Debug\link.1664-rc.write.1.tlog
\\ndrive\pm002501\My Documents\_GIT_Drive\Visual Studio\Compilers\Compilers\Compilers\Debug\link.1664-cvtres.read.1.tlog
\\ndrive\pm002501\My Documents\_GIT_Drive\Visual Studio\Compilers\Compilers\Compilers\Debug\link.1664-cvtres.write.1.tlog
\\ndrive\pm002501\My Documents\_GIT_Drive\Visual Studio\Compilers\Compilers\Compilers\Debug\link.1664.read.1.tlog
\\ndrive\pm002501\My Documents\_GIT_Drive\Visual Studio\Compilers\Compilers\Compilers\Debug\link.1664.write.1.tlog
\\ndrive\pm002501\My Documents\_GIT_Drive\Visual Studio\Compilers\Compilers\Compilers\Debug\link.5412-rc.read.1.tlog
\\ndrive\pm002501\My Documents\_GIT_Drive\Visual Studio\Compilers\Compilers\Compilers\Debug\link.5412-rc.write.1.tlog
\\ndrive\pm002501\My Documents\_GIT_Drive\Visual Studio\Compilers\Compilers\Compilers\Debug\link.5412-cvtres.read.1.tlog
\\ndrive\pm002501\My Documents\_GIT_Drive\Visual Studio\Compilers\Compilers\Compilers\Debug\link.5412-cvtres.write.1.tlog
\\ndrive\pm002501\My Documents\_GIT_Drive\Visual Studio\Compilers\Compilers\Compilers\Debug\link.5412.read.1.tlog
\\ndrive\pm002501\My Documents\_GIT_Drive\Visual Studio\Compilers\Compilers\Compilers\Debug\link.5412.write.1.tlog
\\ndrive\pm002501\My Documents\_GIT_Drive\Visual Studio\Compilers\Compilers\Compilers\Debug\link.6104-rc.read.1.tlog
\\ndrive\pm002501\My Documents\_GIT_Drive\Visual Studio\Compilers\Compilers\Compilers\Debug\link.6104-rc.write.1.tlog
\\ndrive\pm002501\My Documents\_GIT_Drive\Visual Studio\Compilers\Compilers\Compilers\Debug\link.6104-cvtres.read.1.tlog
\\ndrive\pm002501\My Documents\_GIT_Drive\Visual Studio\Compilers\Compilers\Compilers\Debug\link.6104-cvtres.write.1.tlog
\\ndrive\pm002501\My Documents\_GIT_Drive\Visual Studio\Compilers\Compilers\Compilers\Debug\link.6104.read.1.tlog
\\ndrive\pm002501\My Documents\_GIT_Drive\Visual Studio\Compilers\Compilers\Compilers\Debug\link.6104.write.1.tlog
\\ndrive\pm002501\My Documents\_GIT_Drive\Visual Studio\Compilers\Compilers\Compilers\Debug\link.4988-rc.read.1.tlog
\\ndrive\pm002501\My Documents\_GIT_Drive\Visual Studio\Compilers\Compilers\Compilers\Debug\link.4988-rc.write.1.tlog
\\ndrive\pm002501\My Documents\_GIT_Drive\Visual Studio\Compilers\Compilers\Compilers\Debug\link.4988-cvtres.read.1.tlog
\\ndrive\pm002501\My Documents\_GIT_Drive\Visual Studio\Compilers\Compilers\Compilers\Debug\link.4988-cvtres.write.1.tlog
\\ndrive\pm002501\My Documents\_GIT_Drive\Visual Studio\Compilers\Compilers\Compilers\Debug\link.4988.read.1.tlog
\\ndrive\pm002501\My Documents\_GIT_Drive\Visual Studio\Compilers\Compilers\Compilers\Debug\link.4988.write.1.tlog
\\ndrive\pm002501\My Documents\_GIT_Drive\Visual Studio\Compilers\Compilers\Compilers\Debug\link.2532-rc.read.1.tlog
\\ndrive\pm002501\My Documents\_GIT_Drive\Visual Studio\Compilers\Compilers\Compilers\Debug\link.2532-rc.write.1.tlog
\\ndrive\pm002501\My Documents\_GIT_Drive\Visual Studio\Compilers\Compilers\Compilers\Debug\link.2532-cvtres.read.1.tlog
\\ndrive\pm002501\My Documents\_GIT_Drive\Visual Studio\Compilers\Compilers\Compilers\Debug\link.2532-cvtres.write.1.tlog
\\ndrive\pm002501\My Documents\_GIT_Drive\Visual Studio\Compilers\Compilers\Compilers\Debug\link.2532.read.1.tlog
\\ndrive\pm002501\My Documents\_GIT_Drive\Visual Studio\Compilers\Compilers\Compilers\Debug\link.2532.write.1.tlog
\\ndrive\pm002501\My Documents\_GIT_Drive\Visual Studio\Compilers\Compilers\Compilers\Debug\link.4460-rc.read.1.tlog
\\ndrive\pm002501\My Documents\_GIT_Drive\Visual Studio\Compilers\Compilers\Compilers\Debug\link.4460-rc.write.1.tlog
\\ndrive\pm002501\My Documents\_GIT_Drive\Visual Studio\Compilers\Compilers\Compilers\Debug\link.4460-cvtres.read.1.tlog
\\ndrive\pm002501\My Documents\_GIT_Drive\Visual Studio\Compilers\Compilers\Compilers\Debug\link.4460-cvtres.write.1.tlog
\\ndrive\pm002501\My Documents\_GIT_Drive\Visual Studio\Compilers\Compilers\Compilers\Debug\link.4460.read.1.tlog
\\ndrive\pm002501\My Documents\_GIT_Drive\Visual Studio\Compilers\Compilers\Compilers\Debug\link.4460.write.1.tlog
\\ndrive\pm002501\My Documents\_GIT_Drive\Visual Studio\Compilers\Compilers\Compilers\Debug\vc110.idb
\\ndrive\pm002501\My Documents\_GIT_Drive\Visual Studio\Compilers\Compilers\Compilers\Debug\vc110.pdb
\\ndrive\pm002501\My Documents\_GIT_Drive\Visual Studio\Compilers\Compilers\Debug\Compilers.pdb
\\ndrive\pm002501\My Documents\_GIT_Drive\Visual Studio\Compilers\Compilers\Debug\Compilers.exe
\\ndrive\pm002501\My Documents\_GIT_Drive\Visual Studio\Compilers\Compilers\Debug\Compilers.ilk
